<?xml version="1.0" encoding="UTF-8"?>
<!-- Generated by org.testng.reporters.JUnitReportReporter -->
<testsuite hostname="LAPTOP-BP9UGNT6" failures="0" tests="1" name="orangeHRM_modules.login_screen" time="1.686" errors="0" timestamp="2025-01-29T22:38:22 IST" skipped="0">
  <testcase classname="orangeHRM_modules.login_screen" name="val_login" time="1.686"/>
</testsuite> <!-- orangeHRM_modules.login_screen -->
